{"C:\\Users\\wills\\OneDrive\\Documentos\\tradexGG\\backend\\controllers\\authController.js": {"path":"C:\\Users\\wills\\OneDrive\\Documentos\\tradexGG\\backend\\controllers\\authController.js","statementMap":{"0":{"start":{"line":7,"column":15},"end":{"line":7,"column":34}},"1":{"start":{"line":8,"column":12},"end":{"line":8,"column":35}},"2":{"start":{"line":9,"column":15},"end":{"line":9,"column":32}},"3":{"start":{"line":10,"column":13},"end":{"line":10,"column":36}},"4":{"start":{"line":11,"column":21},"end":{"line":11,"column":56}},"5":{"start":{"line":13,"column":23},"end":{"line":13,"column":26}},"6":{"start":{"line":15,"column":0},"end":{"line":118,"column":2}},"7":{"start":{"line":16,"column":2},"end":{"line":117,"column":3}},"8":{"start":{"line":17,"column":42},"end":{"line":17,"column":50}},"9":{"start":{"line":18,"column":20},"end":{"line":18,"column":85}},"10":{"start":{"line":20,"column":4},"end":{"line":22,"column":5}},"11":{"start":{"line":21,"column":6},"end":{"line":21,"column":73}},"12":{"start":{"line":24,"column":4},"end":{"line":26,"column":5}},"13":{"start":{"line":25,"column":6},"end":{"line":25,"column":90}},"14":{"start":{"line":28,"column":4},"end":{"line":30,"column":5}},"15":{"start":{"line":29,"column":6},"end":{"line":29,"column":95}},"16":{"start":{"line":32,"column":4},"end":{"line":34,"column":5}},"17":{"start":{"line":33,"column":6},"end":{"line":33,"column":63}},"18":{"start":{"line":36,"column":4},"end":{"line":38,"column":5}},"19":{"start":{"line":37,"column":6},"end":{"line":37,"column":86}},"20":{"start":{"line":40,"column":21},"end":{"line":43,"column":5}},"21":{"start":{"line":45,"column":4},"end":{"line":47,"column":5}},"22":{"start":{"line":46,"column":6},"end":{"line":46,"column":80}},"23":{"start":{"line":49,"column":26},"end":{"line":49,"column":57}},"24":{"start":{"line":52,"column":24},"end":{"line":52,"column":62}},"25":{"start":{"line":53,"column":26},"end":{"line":53,"column":68}},"26":{"start":{"line":55,"column":19},"end":{"line":55,"column":39}},"27":{"start":{"line":57,"column":4},"end":{"line":98,"column":5}},"28":{"start":{"line":58,"column":6},"end":{"line":58,"column":34}},"29":{"start":{"line":60,"column":21},"end":{"line":65,"column":7}},"30":{"start":{"line":66,"column":6},"end":{"line":66,"column":28}},"31":{"start":{"line":69,"column":6},"end":{"line":90,"column":7}},"32":{"start":{"line":70,"column":23},"end":{"line":72,"column":9}},"33":{"start":{"line":73,"column":25},"end":{"line":73,"column":39}},"34":{"start":{"line":74,"column":8},"end":{"line":89,"column":9}},"35":{"start":{"line":76,"column":10},"end":{"line":78,"column":12}},"36":{"start":{"line":80,"column":10},"end":{"line":82,"column":12}},"37":{"start":{"line":83,"column":10},"end":{"line":87,"column":12}},"38":{"start":{"line":88,"column":10},"end":{"line":88,"column":41}},"39":{"start":{"line":92,"column":6},"end":{"line":92,"column":35}},"40":{"start":{"line":94,"column":6},"end":{"line":94,"column":37}},"41":{"start":{"line":95,"column":6},"end":{"line":95,"column":16}},"42":{"start":{"line":97,"column":6},"end":{"line":97,"column":23}},"43":{"start":{"line":100,"column":18},"end":{"line":102,"column":6}},"44":{"start":{"line":105,"column":4},"end":{"line":111,"column":5}},"45":{"start":{"line":106,"column":22},"end":{"line":106,"column":113}},"46":{"start":{"line":107,"column":24},"end":{"line":107,"column":75}},"47":{"start":{"line":108,"column":6},"end":{"line":110,"column":9}},"48":{"start":{"line":109,"column":8},"end":{"line":109,"column":75}},"49":{"start":{"line":113,"column":4},"end":{"line":113,"column":42}},"50":{"start":{"line":115,"column":4},"end":{"line":115,"column":44}},"51":{"start":{"line":116,"column":4},"end":{"line":116,"column":64}},"52":{"start":{"line":120,"column":0},"end":{"line":144,"column":2}},"53":{"start":{"line":121,"column":2},"end":{"line":143,"column":3}},"54":{"start":{"line":122,"column":22},"end":{"line":122,"column":31}},"55":{"start":{"line":123,"column":4},"end":{"line":123,"column":78}},"56":{"start":{"line":123,"column":16},"end":{"line":123,"column":78}},"57":{"start":{"line":125,"column":19},"end":{"line":128,"column":5}},"58":{"start":{"line":130,"column":4},"end":{"line":132,"column":5}},"59":{"start":{"line":131,"column":6},"end":{"line":131,"column":75}},"60":{"start":{"line":134,"column":4},"end":{"line":137,"column":6}},"61":{"start":{"line":139,"column":4},"end":{"line":139,"column":59}},"62":{"start":{"line":141,"column":4},"end":{"line":141,"column":51}},"63":{"start":{"line":142,"column":4},"end":{"line":142,"column":64}},"64":{"start":{"line":146,"column":0},"end":{"line":181,"column":2}},"65":{"start":{"line":147,"column":2},"end":{"line":180,"column":3}},"66":{"start":{"line":148,"column":22},"end":{"line":148,"column":30}},"67":{"start":{"line":149,"column":4},"end":{"line":149,"column":74}},"68":{"start":{"line":149,"column":16},"end":{"line":149,"column":74}},"69":{"start":{"line":151,"column":19},"end":{"line":154,"column":5}},"70":{"start":{"line":157,"column":4},"end":{"line":159,"column":5}},"71":{"start":{"line":158,"column":6},"end":{"line":158,"column":117}},"72":{"start":{"line":161,"column":17},"end":{"line":161,"column":31}},"73":{"start":{"line":162,"column":24},"end":{"line":162,"column":62}},"74":{"start":{"line":163,"column":26},"end":{"line":163,"column":68}},"75":{"start":{"line":165,"column":4},"end":{"line":168,"column":6}},"76":{"start":{"line":170,"column":4},"end":{"line":174,"column":5}},"77":{"start":{"line":171,"column":22},"end":{"line":171,"column":113}},"78":{"start":{"line":172,"column":24},"end":{"line":172,"column":75}},"79":{"start":{"line":173,"column":6},"end":{"line":173,"column":85}},"80":{"start":{"line":176,"column":4},"end":{"line":176,"column":108}},"81":{"start":{"line":178,"column":4},"end":{"line":178,"column":56}},"82":{"start":{"line":179,"column":4},"end":{"line":179,"column":61}},"83":{"start":{"line":183,"column":0},"end":{"line":220,"column":2}},"84":{"start":{"line":184,"column":2},"end":{"line":219,"column":3}},"85":{"start":{"line":185,"column":22},"end":{"line":185,"column":30}},"86":{"start":{"line":186,"column":4},"end":{"line":186,"column":74}},"87":{"start":{"line":186,"column":16},"end":{"line":186,"column":74}},"88":{"start":{"line":188,"column":19},"end":{"line":191,"column":5}},"89":{"start":{"line":194,"column":4},"end":{"line":196,"column":5}},"90":{"start":{"line":195,"column":6},"end":{"line":195,"column":114}},"91":{"start":{"line":198,"column":17},"end":{"line":198,"column":31}},"92":{"start":{"line":201,"column":18},"end":{"line":201,"column":56}},"93":{"start":{"line":202,"column":20},"end":{"line":202,"column":57}},"94":{"start":{"line":204,"column":4},"end":{"line":207,"column":6}},"95":{"start":{"line":209,"column":20},"end":{"line":209,"column":111}},"96":{"start":{"line":210,"column":21},"end":{"line":210,"column":68}},"97":{"start":{"line":212,"column":4},"end":{"line":212,"column":78}},"98":{"start":{"line":214,"column":4},"end":{"line":214,"column":105}},"99":{"start":{"line":216,"column":4},"end":{"line":216,"column":50}},"100":{"start":{"line":218,"column":4},"end":{"line":218,"column":101}},"101":{"start":{"line":222,"column":0},"end":{"line":257,"column":2}},"102":{"start":{"line":223,"column":2},"end":{"line":256,"column":3}},"103":{"start":{"line":224,"column":32},"end":{"line":224,"column":40}},"104":{"start":{"line":226,"column":4},"end":{"line":228,"column":5}},"105":{"start":{"line":227,"column":6},"end":{"line":227,"column":84}},"106":{"start":{"line":230,"column":4},"end":{"line":232,"column":5}},"107":{"start":{"line":231,"column":6},"end":{"line":231,"column":86}},"108":{"start":{"line":234,"column":19},"end":{"line":237,"column":5}},"109":{"start":{"line":239,"column":4},"end":{"line":241,"column":5}},"110":{"start":{"line":240,"column":6},"end":{"line":240,"column":99}},"111":{"start":{"line":243,"column":17},"end":{"line":243,"column":31}},"112":{"start":{"line":244,"column":26},"end":{"line":244,"column":57}},"113":{"start":{"line":247,"column":4},"end":{"line":250,"column":6}},"114":{"start":{"line":252,"column":4},"end":{"line":252,"column":85}},"115":{"start":{"line":254,"column":4},"end":{"line":254,"column":49}},"116":{"start":{"line":255,"column":4},"end":{"line":255,"column":64}},"117":{"start":{"line":259,"column":0},"end":{"line":295,"column":2}},"118":{"start":{"line":260,"column":2},"end":{"line":294,"column":3}},"119":{"start":{"line":261,"column":32},"end":{"line":261,"column":40}},"120":{"start":{"line":263,"column":4},"end":{"line":265,"column":5}},"121":{"start":{"line":264,"column":6},"end":{"line":264,"column":73}},"122":{"start":{"line":267,"column":19},"end":{"line":270,"column":5}},"123":{"start":{"line":272,"column":4},"end":{"line":274,"column":5}},"124":{"start":{"line":273,"column":6},"end":{"line":273,"column":70}},"125":{"start":{"line":276,"column":17},"end":{"line":276,"column":31}},"126":{"start":{"line":277,"column":18},"end":{"line":277,"column":68}},"127":{"start":{"line":279,"column":4},"end":{"line":281,"column":5}},"128":{"start":{"line":280,"column":6},"end":{"line":280,"column":70}},"129":{"start":{"line":283,"column":18},"end":{"line":285,"column":6}},"130":{"start":{"line":287,"column":4},"end":{"line":290,"column":7}},"131":{"start":{"line":292,"column":4},"end":{"line":292,"column":41}},"132":{"start":{"line":293,"column":4},"end":{"line":293,"column":64}}},"fnMap":{"0":{"name":"(anonymous_0)","decl":{"start":{"line":15,"column":19},"end":{"line":15,"column":20}},"loc":{"start":{"line":15,"column":39},"end":{"line":118,"column":1}},"line":15},"1":{"name":"(anonymous_1)","decl":{"start":{"line":108,"column":85},"end":{"line":108,"column":86}},"loc":{"start":{"line":108,"column":92},"end":{"line":110,"column":7}},"line":108},"2":{"name":"(anonymous_2)","decl":{"start":{"line":120,"column":22},"end":{"line":120,"column":23}},"loc":{"start":{"line":120,"column":42},"end":{"line":144,"column":1}},"line":120},"3":{"name":"(anonymous_3)","decl":{"start":{"line":146,"column":29},"end":{"line":146,"column":30}},"loc":{"start":{"line":146,"column":49},"end":{"line":181,"column":1}},"line":146},"4":{"name":"(anonymous_4)","decl":{"start":{"line":183,"column":25},"end":{"line":183,"column":26}},"loc":{"start":{"line":183,"column":45},"end":{"line":220,"column":1}},"line":183},"5":{"name":"(anonymous_5)","decl":{"start":{"line":222,"column":24},"end":{"line":222,"column":25}},"loc":{"start":{"line":222,"column":44},"end":{"line":257,"column":1}},"line":222},"6":{"name":"(anonymous_6)","decl":{"start":{"line":259,"column":16},"end":{"line":259,"column":17}},"loc":{"start":{"line":259,"column":36},"end":{"line":295,"column":1}},"line":259}},"branchMap":{"0":{"loc":{"start":{"line":18,"column":20},"end":{"line":18,"column":85}},"type":"binary-expr","locations":[{"start":{"line":18,"column":20},"end":{"line":18,"column":77}},{"start":{"line":18,"column":81},"end":{"line":18,"column":85}}],"line":18},"1":{"loc":{"start":{"line":18,"column":21},"end":{"line":18,"column":44}},"type":"binary-expr","locations":[{"start":{"line":18,"column":21},"end":{"line":18,"column":38}},{"start":{"line":18,"column":42},"end":{"line":18,"column":44}}],"line":18},"2":{"loc":{"start":{"line":20,"column":4},"end":{"line":22,"column":5}},"type":"if","locations":[{"start":{"line":20,"column":4},"end":{"line":22,"column":5}},{"start":{},"end":{}}],"line":20},"3":{"loc":{"start":{"line":20,"column":8},"end":{"line":20,"column":40}},"type":"binary-expr","locations":[{"start":{"line":20,"column":8},"end":{"line":20,"column":17}},{"start":{"line":20,"column":21},"end":{"line":20,"column":27}},{"start":{"line":20,"column":31},"end":{"line":20,"column":40}}],"line":20},"4":{"loc":{"start":{"line":24,"column":4},"end":{"line":26,"column":5}},"type":"if","locations":[{"start":{"line":24,"column":4},"end":{"line":26,"column":5}},{"start":{},"end":{}}],"line":24},"5":{"loc":{"start":{"line":24,"column":8},"end":{"line":24,"column":51}},"type":"binary-expr","locations":[{"start":{"line":24,"column":8},"end":{"line":24,"column":27}},{"start":{"line":24,"column":31},"end":{"line":24,"column":51}}],"line":24},"6":{"loc":{"start":{"line":28,"column":4},"end":{"line":30,"column":5}},"type":"if","locations":[{"start":{"line":28,"column":4},"end":{"line":30,"column":5}},{"start":{},"end":{}}],"line":28},"7":{"loc":{"start":{"line":32,"column":4},"end":{"line":34,"column":5}},"type":"if","locations":[{"start":{"line":32,"column":4},"end":{"line":34,"column":5}},{"start":{},"end":{}}],"line":32},"8":{"loc":{"start":{"line":36,"column":4},"end":{"line":38,"column":5}},"type":"if","locations":[{"start":{"line":36,"column":4},"end":{"line":38,"column":5}},{"start":{},"end":{}}],"line":36},"9":{"loc":{"start":{"line":45,"column":4},"end":{"line":47,"column":5}},"type":"if","locations":[{"start":{"line":45,"column":4},"end":{"line":47,"column":5}},{"start":{},"end":{}}],"line":45},"10":{"loc":{"start":{"line":69,"column":6},"end":{"line":90,"column":7}},"type":"if","locations":[{"start":{"line":69,"column":6},"end":{"line":90,"column":7}},{"start":{},"end":{}}],"line":69},"11":{"loc":{"start":{"line":74,"column":8},"end":{"line":89,"column":9}},"type":"if","locations":[{"start":{"line":74,"column":8},"end":{"line":89,"column":9}},{"start":{},"end":{}}],"line":74},"12":{"loc":{"start":{"line":74,"column":12},"end":{"line":74,"column":47}},"type":"binary-expr","locations":[{"start":{"line":74,"column":12},"end":{"line":74,"column":20}},{"start":{"line":74,"column":24},"end":{"line":74,"column":47}}],"line":74},"13":{"loc":{"start":{"line":101,"column":17},"end":{"line":101,"column":51}},"type":"binary-expr","locations":[{"start":{"line":101,"column":17},"end":{"line":101,"column":43}},{"start":{"line":101,"column":47},"end":{"line":101,"column":51}}],"line":101},"14":{"loc":{"start":{"line":105,"column":4},"end":{"line":111,"column":5}},"type":"if","locations":[{"start":{"line":105,"column":4},"end":{"line":111,"column":5}},{"start":{},"end":{}}],"line":105},"15":{"loc":{"start":{"line":106,"column":23},"end":{"line":106,"column":93}},"type":"binary-expr","locations":[{"start":{"line":106,"column":23},"end":{"line":106,"column":43}},{"start":{"line":106,"column":47},"end":{"line":106,"column":93}}],"line":106},"16":{"loc":{"start":{"line":106,"column":67},"end":{"line":106,"column":91}},"type":"binary-expr","locations":[{"start":{"line":106,"column":67},"end":{"line":106,"column":83}},{"start":{"line":106,"column":87},"end":{"line":106,"column":91}}],"line":106},"17":{"loc":{"start":{"line":123,"column":4},"end":{"line":123,"column":78}},"type":"if","locations":[{"start":{"line":123,"column":4},"end":{"line":123,"column":78}},{"start":{},"end":{}}],"line":123},"18":{"loc":{"start":{"line":130,"column":4},"end":{"line":132,"column":5}},"type":"if","locations":[{"start":{"line":130,"column":4},"end":{"line":132,"column":5}},{"start":{},"end":{}}],"line":130},"19":{"loc":{"start":{"line":149,"column":4},"end":{"line":149,"column":74}},"type":"if","locations":[{"start":{"line":149,"column":4},"end":{"line":149,"column":74}},{"start":{},"end":{}}],"line":149},"20":{"loc":{"start":{"line":157,"column":4},"end":{"line":159,"column":5}},"type":"if","locations":[{"start":{"line":157,"column":4},"end":{"line":159,"column":5}},{"start":{},"end":{}}],"line":157},"21":{"loc":{"start":{"line":157,"column":8},"end":{"line":157,"column":65}},"type":"binary-expr","locations":[{"start":{"line":157,"column":8},"end":{"line":157,"column":32}},{"start":{"line":157,"column":36},"end":{"line":157,"column":65}}],"line":157},"22":{"loc":{"start":{"line":170,"column":4},"end":{"line":174,"column":5}},"type":"if","locations":[{"start":{"line":170,"column":4},"end":{"line":174,"column":5}},{"start":{},"end":{}}],"line":170},"23":{"loc":{"start":{"line":171,"column":23},"end":{"line":171,"column":93}},"type":"binary-expr","locations":[{"start":{"line":171,"column":23},"end":{"line":171,"column":43}},{"start":{"line":171,"column":47},"end":{"line":171,"column":93}}],"line":171},"24":{"loc":{"start":{"line":171,"column":67},"end":{"line":171,"column":91}},"type":"binary-expr","locations":[{"start":{"line":171,"column":67},"end":{"line":171,"column":83}},{"start":{"line":171,"column":87},"end":{"line":171,"column":91}}],"line":171},"25":{"loc":{"start":{"line":186,"column":4},"end":{"line":186,"column":74}},"type":"if","locations":[{"start":{"line":186,"column":4},"end":{"line":186,"column":74}},{"start":{},"end":{}}],"line":186},"26":{"loc":{"start":{"line":194,"column":4},"end":{"line":196,"column":5}},"type":"if","locations":[{"start":{"line":194,"column":4},"end":{"line":196,"column":5}},{"start":{},"end":{}}],"line":194},"27":{"loc":{"start":{"line":209,"column":21},"end":{"line":209,"column":91}},"type":"binary-expr","locations":[{"start":{"line":209,"column":21},"end":{"line":209,"column":41}},{"start":{"line":209,"column":45},"end":{"line":209,"column":91}}],"line":209},"28":{"loc":{"start":{"line":209,"column":65},"end":{"line":209,"column":89}},"type":"binary-expr","locations":[{"start":{"line":209,"column":65},"end":{"line":209,"column":81}},{"start":{"line":209,"column":85},"end":{"line":209,"column":89}}],"line":209},"29":{"loc":{"start":{"line":226,"column":4},"end":{"line":228,"column":5}},"type":"if","locations":[{"start":{"line":226,"column":4},"end":{"line":228,"column":5}},{"start":{},"end":{}}],"line":226},"30":{"loc":{"start":{"line":226,"column":8},"end":{"line":226,"column":27}},"type":"binary-expr","locations":[{"start":{"line":226,"column":8},"end":{"line":226,"column":14}},{"start":{"line":226,"column":18},"end":{"line":226,"column":27}}],"line":226},"31":{"loc":{"start":{"line":230,"column":4},"end":{"line":232,"column":5}},"type":"if","locations":[{"start":{"line":230,"column":4},"end":{"line":232,"column":5}},{"start":{},"end":{}}],"line":230},"32":{"loc":{"start":{"line":239,"column":4},"end":{"line":241,"column":5}},"type":"if","locations":[{"start":{"line":239,"column":4},"end":{"line":241,"column":5}},{"start":{},"end":{}}],"line":239},"33":{"loc":{"start":{"line":263,"column":4},"end":{"line":265,"column":5}},"type":"if","locations":[{"start":{"line":263,"column":4},"end":{"line":265,"column":5}},{"start":{},"end":{}}],"line":263},"34":{"loc":{"start":{"line":263,"column":8},"end":{"line":263,"column":27}},"type":"binary-expr","locations":[{"start":{"line":263,"column":8},"end":{"line":263,"column":14}},{"start":{"line":263,"column":18},"end":{"line":263,"column":27}}],"line":263},"35":{"loc":{"start":{"line":272,"column":4},"end":{"line":274,"column":5}},"type":"if","locations":[{"start":{"line":272,"column":4},"end":{"line":274,"column":5}},{"start":{},"end":{}}],"line":272},"36":{"loc":{"start":{"line":279,"column":4},"end":{"line":281,"column":5}},"type":"if","locations":[{"start":{"line":279,"column":4},"end":{"line":281,"column":5}},{"start":{},"end":{}}],"line":279},"37":{"loc":{"start":{"line":284,"column":17},"end":{"line":284,"column":51}},"type":"binary-expr","locations":[{"start":{"line":284,"column":17},"end":{"line":284,"column":43}},{"start":{"line":284,"column":47},"end":{"line":284,"column":51}}],"line":284}},"s":{"0":3,"1":3,"2":3,"3":3,"4":3,"5":3,"6":3,"7":3,"8":3,"9":3,"10":3,"11":0,"12":3,"13":0,"14":3,"15":0,"16":3,"17":0,"18":3,"19":1,"20":2,"21":2,"22":0,"23":2,"24":2,"25":2,"26":2,"27":2,"28":2,"29":2,"30":2,"31":2,"32":0,"33":0,"34":0,"35":0,"36":0,"37":0,"38":0,"39":2,"40":0,"41":0,"42":2,"43":2,"44":2,"45":0,"46":0,"47":0,"48":0,"49":2,"50":0,"51":0,"52":3,"53":0,"54":0,"55":0,"56":0,"57":0,"58":0,"59":0,"60":0,"61":0,"62":0,"63":0,"64":3,"65":0,"66":0,"67":0,"68":0,"69":0,"70":0,"71":0,"72":0,"73":0,"74":0,"75":0,"76":0,"77":0,"78":0,"79":0,"80":0,"81":0,"82":0,"83":3,"84":0,"85":0,"86":0,"87":0,"88":0,"89":0,"90":0,"91":0,"92":0,"93":0,"94":0,"95":0,"96":0,"97":0,"98":0,"99":0,"100":0,"101":3,"102":0,"103":0,"104":0,"105":0,"106":0,"107":0,"108":0,"109":0,"110":0,"111":0,"112":0,"113":0,"114":0,"115":0,"116":0,"117":3,"118":2,"119":2,"120":2,"121":0,"122":2,"123":2,"124":1,"125":1,"126":1,"127":1,"128":1,"129":0,"130":0,"131":0,"132":0},"f":{"0":3,"1":0,"2":0,"3":0,"4":0,"5":0,"6":2},"b":{"0":[3,3],"1":[3,3],"2":[0,3],"3":[3,3,3],"4":[0,3],"5":[3,3],"6":[0,3],"7":[0,3],"8":[1,2],"9":[0,2],"10":[0,2],"11":[0,0],"12":[0,0],"13":[2,0],"14":[0,2],"15":[0,0],"16":[0,0],"17":[0,0],"18":[0,0],"19":[0,0],"20":[0,0],"21":[0,0],"22":[0,0],"23":[0,0],"24":[0,0],"25":[0,0],"26":[0,0],"27":[0,0],"28":[0,0],"29":[0,0],"30":[0,0],"31":[0,0],"32":[0,0],"33":[0,2],"34":[2,2],"35":[1,1],"36":[1,0],"37":[0,0]},"_coverageSchema":"1a1c01bbd47fc00a2c39e90264f33305004495a9","hash":"3ad909f669bc77ec38643c683d08a4065032b67f"}
,"C:\\Users\\wills\\OneDrive\\Documentos\\tradexGG\\backend\\controllers\\casesController.js": {"path":"C:\\Users\\wills\\OneDrive\\Documentos\\tradexGG\\backend\\controllers\\casesController.js","statementMap":{"0":{"start":{"line":7,"column":13},"end":{"line":7,"column":36}},"1":{"start":{"line":8,"column":36},"end":{"line":8,"column":77}},"2":{"start":{"line":10,"column":0},"end":{"line":62,"column":2}},"3":{"start":{"line":11,"column":17},"end":{"line":11,"column":37}},"4":{"start":{"line":13,"column":2},"end":{"line":61,"column":3}},"5":{"start":{"line":14,"column":46},"end":{"line":14,"column":54}},"6":{"start":{"line":16,"column":4},"end":{"line":18,"column":5}},"7":{"start":{"line":17,"column":6},"end":{"line":17,"column":101}},"8":{"start":{"line":20,"column":17},"end":{"line":20,"column":85}},"9":{"start":{"line":22,"column":4},"end":{"line":22,"column":32}},"10":{"start":{"line":24,"column":23},"end":{"line":27,"column":5}},"11":{"start":{"line":29,"column":19},"end":{"line":29,"column":40}},"12":{"start":{"line":31,"column":4},"end":{"line":50,"column":5}},"13":{"start":{"line":32,"column":19},"end":{"line":32,"column":31}},"14":{"start":{"line":34,"column":6},"end":{"line":42,"column":7}},"15":{"start":{"line":35,"column":27},"end":{"line":40,"column":9}},"16":{"start":{"line":41,"column":8},"end":{"line":41,"column":39}},"17":{"start":{"line":44,"column":6},"end":{"line":49,"column":7}},"18":{"start":{"line":45,"column":8},"end":{"line":48,"column":10}},"19":{"start":{"line":52,"column":4},"end":{"line":52,"column":33}},"20":{"start":{"line":54,"column":4},"end":{"line":54,"column":83}},"21":{"start":{"line":56,"column":4},"end":{"line":56,"column":35}},"22":{"start":{"line":57,"column":4},"end":{"line":57,"column":47}},"23":{"start":{"line":58,"column":4},"end":{"line":58,"column":64}},"24":{"start":{"line":60,"column":4},"end":{"line":60,"column":21}},"25":{"start":{"line":64,"column":0},"end":{"line":94,"column":2}},"26":{"start":{"line":65,"column":2},"end":{"line":93,"column":3}},"27":{"start":{"line":66,"column":19},"end":{"line":88,"column":6}},"28":{"start":{"line":89,"column":4},"end":{"line":89,"column":26}},"29":{"start":{"line":91,"column":4},"end":{"line":91,"column":49}},"30":{"start":{"line":92,"column":4},"end":{"line":92,"column":64}},"31":{"start":{"line":96,"column":0},"end":{"line":129,"column":2}},"32":{"start":{"line":97,"column":2},"end":{"line":128,"column":3}},"33":{"start":{"line":98,"column":19},"end":{"line":98,"column":29}},"34":{"start":{"line":100,"column":23},"end":{"line":103,"column":5}},"35":{"start":{"line":105,"column":4},"end":{"line":107,"column":5}},"36":{"start":{"line":106,"column":6},"end":{"line":106,"column":69}},"37":{"start":{"line":109,"column":24},"end":{"line":119,"column":5}},"38":{"start":{"line":121,"column":4},"end":{"line":124,"column":7}},"39":{"start":{"line":126,"column":4},"end":{"line":126,"column":48}},"40":{"start":{"line":127,"column":4},"end":{"line":127,"column":64}},"41":{"start":{"line":131,"column":0},"end":{"line":169,"column":2}},"42":{"start":{"line":132,"column":2},"end":{"line":168,"column":3}},"43":{"start":{"line":133,"column":14},"end":{"line":133,"column":40}},"44":{"start":{"line":134,"column":4},"end":{"line":134,"column":42}},"45":{"start":{"line":134,"column":22},"end":{"line":134,"column":42}},"46":{"start":{"line":136,"column":18},"end":{"line":136,"column":48}},"47":{"start":{"line":137,"column":23},"end":{"line":139,"column":5}},"48":{"start":{"line":138,"column":6},"end":{"line":138,"column":60}},"49":{"start":{"line":140,"column":19},"end":{"line":140,"column":43}},"50":{"start":{"line":140,"column":34},"end":{"line":140,"column":42}},"51":{"start":{"line":142,"column":19},"end":{"line":162,"column":5}},"52":{"start":{"line":164,"column":4},"end":{"line":164,"column":26}},"53":{"start":{"line":166,"column":4},"end":{"line":166,"column":48}},"54":{"start":{"line":167,"column":4},"end":{"line":167,"column":64}},"55":{"start":{"line":171,"column":0},"end":{"line":182,"column":2}},"56":{"start":{"line":172,"column":2},"end":{"line":181,"column":3}},"57":{"start":{"line":173,"column":19},"end":{"line":173,"column":70}},"58":{"start":{"line":174,"column":4},"end":{"line":174,"column":21}},"59":{"start":{"line":176,"column":4},"end":{"line":178,"column":5}},"60":{"start":{"line":177,"column":6},"end":{"line":177,"column":65}},"61":{"start":{"line":179,"column":4},"end":{"line":179,"column":47}},"62":{"start":{"line":180,"column":4},"end":{"line":180,"column":64}},"63":{"start":{"line":184,"column":0},"end":{"line":196,"column":2}},"64":{"start":{"line":185,"column":2},"end":{"line":195,"column":3}},"65":{"start":{"line":186,"column":21},"end":{"line":186,"column":53}},"66":{"start":{"line":187,"column":19},"end":{"line":187,"column":85}},"67":{"start":{"line":188,"column":4},"end":{"line":188,"column":21}},"68":{"start":{"line":190,"column":4},"end":{"line":192,"column":5}},"69":{"start":{"line":191,"column":6},"end":{"line":191,"column":65}},"70":{"start":{"line":193,"column":4},"end":{"line":193,"column":56}},"71":{"start":{"line":194,"column":4},"end":{"line":194,"column":64}},"72":{"start":{"line":198,"column":0},"end":{"line":228,"column":2}},"73":{"start":{"line":199,"column":2},"end":{"line":227,"column":3}},"74":{"start":{"line":200,"column":19},"end":{"line":200,"column":29}},"75":{"start":{"line":202,"column":19},"end":{"line":209,"column":5}},"76":{"start":{"line":211,"column":4},"end":{"line":211,"column":91}},"77":{"start":{"line":211,"column":25},"end":{"line":211,"column":91}},"78":{"start":{"line":213,"column":20},"end":{"line":213,"column":34}},"79":{"start":{"line":214,"column":4},"end":{"line":214,"column":124}},"80":{"start":{"line":214,"column":30},"end":{"line":214,"column":124}},"81":{"start":{"line":216,"column":4},"end":{"line":223,"column":7}},"82":{"start":{"line":225,"column":4},"end":{"line":225,"column":41}},"83":{"start":{"line":226,"column":4},"end":{"line":226,"column":64}},"84":{"start":{"line":231,"column":0},"end":{"line":258,"column":2}},"85":{"start":{"line":232,"column":2},"end":{"line":257,"column":3}},"86":{"start":{"line":233,"column":19},"end":{"line":252,"column":6}},"87":{"start":{"line":253,"column":4},"end":{"line":253,"column":26}},"88":{"start":{"line":255,"column":4},"end":{"line":255,"column":57}},"89":{"start":{"line":256,"column":4},"end":{"line":256,"column":64}}},"fnMap":{"0":{"name":"(anonymous_0)","decl":{"start":{"line":10,"column":21},"end":{"line":10,"column":22}},"loc":{"start":{"line":10,"column":41},"end":{"line":62,"column":1}},"line":10},"1":{"name":"(anonymous_1)","decl":{"start":{"line":64,"column":20},"end":{"line":64,"column":21}},"loc":{"start":{"line":64,"column":40},"end":{"line":94,"column":1}},"line":64},"2":{"name":"(anonymous_2)","decl":{"start":{"line":96,"column":24},"end":{"line":96,"column":25}},"loc":{"start":{"line":96,"column":44},"end":{"line":129,"column":1}},"line":96},"3":{"name":"(anonymous_3)","decl":{"start":{"line":131,"column":22},"end":{"line":131,"column":23}},"loc":{"start":{"line":131,"column":42},"end":{"line":169,"column":1}},"line":131},"4":{"name":"(anonymous_4)","decl":{"start":{"line":137,"column":33},"end":{"line":137,"column":34}},"loc":{"start":{"line":138,"column":6},"end":{"line":138,"column":60}},"line":138},"5":{"name":"(anonymous_5)","decl":{"start":{"line":140,"column":29},"end":{"line":140,"column":30}},"loc":{"start":{"line":140,"column":34},"end":{"line":140,"column":42}},"line":140},"6":{"name":"(anonymous_6)","decl":{"start":{"line":171,"column":19},"end":{"line":171,"column":20}},"loc":{"start":{"line":171,"column":39},"end":{"line":182,"column":1}},"line":171},"7":{"name":"(anonymous_7)","decl":{"start":{"line":184,"column":20},"end":{"line":184,"column":21}},"loc":{"start":{"line":184,"column":40},"end":{"line":196,"column":1}},"line":184},"8":{"name":"(anonymous_8)","decl":{"start":{"line":198,"column":24},"end":{"line":198,"column":25}},"loc":{"start":{"line":198,"column":44},"end":{"line":228,"column":1}},"line":198},"9":{"name":"(anonymous_9)","decl":{"start":{"line":231,"column":22},"end":{"line":231,"column":23}},"loc":{"start":{"line":231,"column":42},"end":{"line":258,"column":1}},"line":231}},"branchMap":{"0":{"loc":{"start":{"line":16,"column":4},"end":{"line":18,"column":5}},"type":"if","locations":[{"start":{"line":16,"column":4},"end":{"line":18,"column":5}},{"start":{},"end":{}}],"line":16},"1":{"loc":{"start":{"line":16,"column":8},"end":{"line":16,"column":94}},"type":"binary-expr","locations":[{"start":{"line":16,"column":8},"end":{"line":16,"column":13}},{"start":{"line":16,"column":17},"end":{"line":16,"column":23}},{"start":{"line":16,"column":27},"end":{"line":16,"column":37}},{"start":{"line":16,"column":41},"end":{"line":16,"column":47}},{"start":{"line":16,"column":51},"end":{"line":16,"column":72}},{"start":{"line":16,"column":76},"end":{"line":16,"column":94}}],"line":16},"2":{"loc":{"start":{"line":34,"column":6},"end":{"line":42,"column":7}},"type":"if","locations":[{"start":{"line":34,"column":6},"end":{"line":42,"column":7}},{"start":{},"end":{}}],"line":34},"3":{"loc":{"start":{"line":34,"column":10},"end":{"line":34,"column":30}},"type":"binary-expr","locations":[{"start":{"line":34,"column":10},"end":{"line":34,"column":17}},{"start":{"line":34,"column":21},"end":{"line":34,"column":30}}],"line":34},"4":{"loc":{"start":{"line":38,"column":22},"end":{"line":38,"column":39}},"type":"binary-expr","locations":[{"start":{"line":38,"column":22},"end":{"line":38,"column":33}},{"start":{"line":38,"column":37},"end":{"line":38,"column":39}}],"line":38},"5":{"loc":{"start":{"line":38,"column":41},"end":{"line":38,"column":68}},"type":"binary-expr","locations":[{"start":{"line":38,"column":41},"end":{"line":38,"column":55}},{"start":{"line":38,"column":59},"end":{"line":38,"column":68}}],"line":38},"6":{"loc":{"start":{"line":38,"column":70},"end":{"line":38,"column":95}},"type":"binary-expr","locations":[{"start":{"line":38,"column":70},"end":{"line":38,"column":81}},{"start":{"line":38,"column":85},"end":{"line":38,"column":95}}],"line":38},"7":{"loc":{"start":{"line":39,"column":11},"end":{"line":39,"column":41}},"type":"binary-expr","locations":[{"start":{"line":39,"column":11},"end":{"line":39,"column":28}},{"start":{"line":39,"column":32},"end":{"line":39,"column":41}}],"line":39},"8":{"loc":{"start":{"line":39,"column":43},"end":{"line":39,"column":63}},"type":"binary-expr","locations":[{"start":{"line":39,"column":43},"end":{"line":39,"column":57}},{"start":{"line":39,"column":61},"end":{"line":39,"column":63}}],"line":39},"9":{"loc":{"start":{"line":39,"column":83},"end":{"line":39,"column":105}},"type":"binary-expr","locations":[{"start":{"line":39,"column":83},"end":{"line":39,"column":100}},{"start":{"line":39,"column":104},"end":{"line":39,"column":105}}],"line":39},"10":{"loc":{"start":{"line":44,"column":6},"end":{"line":49,"column":7}},"type":"if","locations":[{"start":{"line":44,"column":6},"end":{"line":49,"column":7}},{"start":{},"end":{}}],"line":44},"11":{"loc":{"start":{"line":47,"column":27},"end":{"line":47,"column":45}},"type":"binary-expr","locations":[{"start":{"line":47,"column":27},"end":{"line":47,"column":38}},{"start":{"line":47,"column":42},"end":{"line":47,"column":45}}],"line":47},"12":{"loc":{"start":{"line":105,"column":4},"end":{"line":107,"column":5}},"type":"if","locations":[{"start":{"line":105,"column":4},"end":{"line":107,"column":5}},{"start":{},"end":{}}],"line":105},"13":{"loc":{"start":{"line":133,"column":15},"end":{"line":133,"column":32}},"type":"binary-expr","locations":[{"start":{"line":133,"column":15},"end":{"line":133,"column":26}},{"start":{"line":133,"column":30},"end":{"line":133,"column":32}}],"line":133},"14":{"loc":{"start":{"line":134,"column":4},"end":{"line":134,"column":42}},"type":"if","locations":[{"start":{"line":134,"column":4},"end":{"line":134,"column":42}},{"start":{},"end":{}}],"line":134},"15":{"loc":{"start":{"line":176,"column":4},"end":{"line":178,"column":5}},"type":"if","locations":[{"start":{"line":176,"column":4},"end":{"line":178,"column":5}},{"start":{},"end":{}}],"line":176},"16":{"loc":{"start":{"line":186,"column":21},"end":{"line":186,"column":53}},"type":"binary-expr","locations":[{"start":{"line":186,"column":21},"end":{"line":186,"column":48}},{"start":{"line":186,"column":52},"end":{"line":186,"column":53}}],"line":186},"17":{"loc":{"start":{"line":190,"column":4},"end":{"line":192,"column":5}},"type":"if","locations":[{"start":{"line":190,"column":4},"end":{"line":192,"column":5}},{"start":{},"end":{}}],"line":190},"18":{"loc":{"start":{"line":211,"column":4},"end":{"line":211,"column":91}},"type":"if","locations":[{"start":{"line":211,"column":4},"end":{"line":211,"column":91}},{"start":{},"end":{}}],"line":211},"19":{"loc":{"start":{"line":214,"column":4},"end":{"line":214,"column":124}},"type":"if","locations":[{"start":{"line":214,"column":4},"end":{"line":214,"column":124}},{"start":{},"end":{}}],"line":214}},"s":{"0":2,"1":2,"2":2,"3":0,"4":0,"5":0,"6":0,"7":0,"8":0,"9":0,"10":0,"11":0,"12":0,"13":0,"14":0,"15":0,"16":0,"17":0,"18":0,"19":0,"20":0,"21":0,"22":0,"23":0,"24":0,"25":2,"26":0,"27":0,"28":0,"29":0,"30":0,"31":2,"32":0,"33":0,"34":0,"35":0,"36":0,"37":0,"38":0,"39":0,"40":0,"41":2,"42":0,"43":0,"44":0,"45":0,"46":0,"47":0,"48":0,"49":0,"50":0,"51":0,"52":0,"53":0,"54":0,"55":2,"56":3,"57":3,"58":1,"59":2,"60":2,"61":0,"62":0,"63":2,"64":0,"65":0,"66":0,"67":0,"68":0,"69":0,"70":0,"71":0,"72":2,"73":0,"74":0,"75":0,"76":0,"77":0,"78":0,"79":0,"80":0,"81":0,"82":0,"83":0,"84":2,"85":0,"86":0,"87":0,"88":0,"89":0},"f":{"0":0,"1":0,"2":0,"3":0,"4":0,"5":0,"6":3,"7":0,"8":0,"9":0},"b":{"0":[0,0],"1":[0,0,0,0,0,0],"2":[0,0],"3":[0,0],"4":[0,0],"5":[0,0],"6":[0,0],"7":[0,0],"8":[0,0],"9":[0,0],"10":[0,0],"11":[0,0],"12":[0,0],"13":[0,0],"14":[0,0],"15":[2,0],"16":[0,0],"17":[0,0],"18":[0,0],"19":[0,0]},"_coverageSchema":"1a1c01bbd47fc00a2c39e90264f33305004495a9","hash":"09d4832099893c95b669585a63b01ee9afe0066c"}
,"C:\\Users\\wills\\OneDrive\\Documentos\\tradexGG\\backend\\controllers\\inventoryController.js": {"path":"C:\\Users\\wills\\OneDrive\\Documentos\\tradexGG\\backend\\controllers\\inventoryController.js","statementMap":{"0":{"start":{"line":7,"column":13},"end":{"line":7,"column":36}},"1":{"start":{"line":9,"column":0},"end":{"line":55,"column":2}},"2":{"start":{"line":10,"column":2},"end":{"line":54,"column":3}},"3":{"start":{"line":11,"column":18},"end":{"line":11,"column":61}},"4":{"start":{"line":12,"column":18},"end":{"line":12,"column":76}},"5":{"start":{"line":13,"column":19},"end":{"line":13,"column":37}},"6":{"start":{"line":15,"column":44},"end":{"line":40,"column":6}},"7":{"start":{"line":42,"column":18},"end":{"line":42,"column":50}},"8":{"start":{"line":43,"column":4},"end":{"line":50,"column":7}},"9":{"start":{"line":52,"column":4},"end":{"line":52,"column":53}},"10":{"start":{"line":53,"column":4},"end":{"line":53,"column":64}},"11":{"start":{"line":57,"column":0},"end":{"line":141,"column":2}},"12":{"start":{"line":58,"column":17},"end":{"line":58,"column":37}},"13":{"start":{"line":60,"column":2},"end":{"line":140,"column":3}},"14":{"start":{"line":61,"column":4},"end":{"line":61,"column":32}},"15":{"start":{"line":63,"column":19},"end":{"line":63,"column":29}},"16":{"start":{"line":66,"column":25},"end":{"line":69,"column":5}},"17":{"start":{"line":71,"column":4},"end":{"line":73,"column":5}},"18":{"start":{"line":72,"column":6},"end":{"line":72,"column":60}},"19":{"start":{"line":75,"column":4},"end":{"line":77,"column":5}},"20":{"start":{"line":76,"column":6},"end":{"line":76,"column":54}},"21":{"start":{"line":81,"column":26},"end":{"line":87,"column":5}},"22":{"start":{"line":89,"column":4},"end":{"line":91,"column":5}},"23":{"start":{"line":90,"column":6},"end":{"line":90,"column":60}},"24":{"start":{"line":93,"column":4},"end":{"line":95,"column":5}},"25":{"start":{"line":94,"column":6},"end":{"line":94,"column":60}},"26":{"start":{"line":97,"column":22},"end":{"line":97,"column":54}},"27":{"start":{"line":100,"column":4},"end":{"line":103,"column":6}},"28":{"start":{"line":106,"column":4},"end":{"line":109,"column":6}},"29":{"start":{"line":112,"column":4},"end":{"line":116,"column":6}},"30":{"start":{"line":119,"column":26},"end":{"line":122,"column":5}},"31":{"start":{"line":124,"column":4},"end":{"line":124,"column":33}},"32":{"start":{"line":126,"column":4},"end":{"line":130,"column":7}},"33":{"start":{"line":132,"column":4},"end":{"line":132,"column":35}},"34":{"start":{"line":133,"column":4},"end":{"line":135,"column":5}},"35":{"start":{"line":134,"column":6},"end":{"line":134,"column":65}},"36":{"start":{"line":136,"column":4},"end":{"line":136,"column":47}},"37":{"start":{"line":137,"column":4},"end":{"line":137,"column":64}},"38":{"start":{"line":139,"column":4},"end":{"line":139,"column":21}},"39":{"start":{"line":143,"column":0},"end":{"line":191,"column":2}},"40":{"start":{"line":144,"column":17},"end":{"line":144,"column":37}},"41":{"start":{"line":145,"column":2},"end":{"line":190,"column":3}},"42":{"start":{"line":146,"column":4},"end":{"line":146,"column":32}},"43":{"start":{"line":148,"column":21},"end":{"line":155,"column":5}},"44":{"start":{"line":157,"column":4},"end":{"line":161,"column":5}},"45":{"start":{"line":158,"column":6},"end":{"line":158,"column":37}},"46":{"start":{"line":159,"column":21},"end":{"line":159,"column":94}},"47":{"start":{"line":160,"column":6},"end":{"line":160,"column":89}},"48":{"start":{"line":163,"column":24},"end":{"line":163,"column":89}},"49":{"start":{"line":163,"column":57},"end":{"line":163,"column":85}},"50":{"start":{"line":164,"column":22},"end":{"line":164,"column":94}},"51":{"start":{"line":164,"column":45},"end":{"line":164,"column":83}},"52":{"start":{"line":166,"column":4},"end":{"line":170,"column":6}},"53":{"start":{"line":172,"column":4},"end":{"line":172,"column":107}},"54":{"start":{"line":174,"column":4},"end":{"line":178,"column":6}},"55":{"start":{"line":180,"column":19},"end":{"line":180,"column":94}},"56":{"start":{"line":181,"column":4},"end":{"line":181,"column":33}},"57":{"start":{"line":183,"column":4},"end":{"line":183,"column":109}},"58":{"start":{"line":185,"column":4},"end":{"line":185,"column":35}},"59":{"start":{"line":186,"column":4},"end":{"line":186,"column":35}},"60":{"start":{"line":187,"column":4},"end":{"line":187,"column":64}},"61":{"start":{"line":189,"column":4},"end":{"line":189,"column":21}}},"fnMap":{"0":{"name":"(anonymous_0)","decl":{"start":{"line":9,"column":23},"end":{"line":9,"column":24}},"loc":{"start":{"line":9,"column":43},"end":{"line":55,"column":1}},"line":9},"1":{"name":"(anonymous_1)","decl":{"start":{"line":57,"column":19},"end":{"line":57,"column":20}},"loc":{"start":{"line":57,"column":39},"end":{"line":141,"column":1}},"line":57},"2":{"name":"(anonymous_2)","decl":{"start":{"line":143,"column":18},"end":{"line":143,"column":19}},"loc":{"start":{"line":143,"column":38},"end":{"line":191,"column":1}},"line":143},"3":{"name":"(anonymous_3)","decl":{"start":{"line":163,"column":45},"end":{"line":163,"column":46}},"loc":{"start":{"line":163,"column":57},"end":{"line":163,"column":85}},"line":163},"4":{"name":"(anonymous_4)","decl":{"start":{"line":164,"column":40},"end":{"line":164,"column":41}},"loc":{"start":{"line":164,"column":45},"end":{"line":164,"column":83}},"line":164}},"branchMap":{"0":{"loc":{"start":{"line":11,"column":30},"end":{"line":11,"column":60}},"type":"binary-expr","locations":[{"start":{"line":11,"column":30},"end":{"line":11,"column":54}},{"start":{"line":11,"column":59},"end":{"line":11,"column":60}}],"line":11},"1":{"loc":{"start":{"line":12,"column":43},"end":{"line":12,"column":74}},"type":"binary-expr","locations":[{"start":{"line":12,"column":43},"end":{"line":12,"column":68}},{"start":{"line":12,"column":72},"end":{"line":12,"column":74}}],"line":12},"2":{"loc":{"start":{"line":71,"column":4},"end":{"line":73,"column":5}},"type":"if","locations":[{"start":{"line":71,"column":4},"end":{"line":73,"column":5}},{"start":{},"end":{}}],"line":71},"3":{"loc":{"start":{"line":75,"column":4},"end":{"line":77,"column":5}},"type":"if","locations":[{"start":{"line":75,"column":4},"end":{"line":77,"column":5}},{"start":{},"end":{}}],"line":75},"4":{"loc":{"start":{"line":89,"column":4},"end":{"line":91,"column":5}},"type":"if","locations":[{"start":{"line":89,"column":4},"end":{"line":91,"column":5}},{"start":{},"end":{}}],"line":89},"5":{"loc":{"start":{"line":93,"column":4},"end":{"line":95,"column":5}},"type":"if","locations":[{"start":{"line":93,"column":4},"end":{"line":95,"column":5}},{"start":{},"end":{}}],"line":93},"6":{"loc":{"start":{"line":133,"column":4},"end":{"line":135,"column":5}},"type":"if","locations":[{"start":{"line":133,"column":4},"end":{"line":135,"column":5}},{"start":{},"end":{}}],"line":133},"7":{"loc":{"start":{"line":157,"column":4},"end":{"line":161,"column":5}},"type":"if","locations":[{"start":{"line":157,"column":4},"end":{"line":161,"column":5}},{"start":{},"end":{}}],"line":157},"8":{"loc":{"start":{"line":177,"column":77},"end":{"line":177,"column":122}},"type":"cond-expr","locations":[{"start":{"line":177,"column":106},"end":{"line":177,"column":112}},{"start":{"line":177,"column":115},"end":{"line":177,"column":122}}],"line":177}},"s":{"0":2,"1":2,"2":0,"3":0,"4":0,"5":0,"6":0,"7":0,"8":0,"9":0,"10":0,"11":2,"12":3,"13":3,"14":3,"15":3,"16":3,"17":3,"18":0,"19":3,"20":2,"21":1,"22":1,"23":0,"24":1,"25":0,"26":1,"27":1,"28":1,"29":1,"30":1,"31":1,"32":1,"33":2,"34":2,"35":2,"36":0,"37":0,"38":3,"39":2,"40":0,"41":0,"42":0,"43":0,"44":0,"45":0,"46":0,"47":0,"48":0,"49":0,"50":0,"51":0,"52":0,"53":0,"54":0,"55":0,"56":0,"57":0,"58":0,"59":0,"60":0,"61":0},"f":{"0":0,"1":3,"2":0,"3":0,"4":0},"b":{"0":[0,0],"1":[0,0],"2":[0,3],"3":[2,1],"4":[0,1],"5":[0,1],"6":[2,0],"7":[0,0],"8":[0,0]},"_coverageSchema":"1a1c01bbd47fc00a2c39e90264f33305004495a9","hash":"5f65739ce03981c70646bf6b3e96ad41f360c62e"}
}
