TN:
SF:backend\controllers\authController.js
FN:15,(anonymous_0)
FN:108,(anonymous_1)
FN:120,(anonymous_2)
FN:146,(anonymous_3)
FN:183,(anonymous_4)
FN:222,(anonymous_5)
FN:259,(anonymous_6)
FNF:7
FNH:2
FNDA:3,(anonymous_0)
FNDA:0,(anonymous_1)
FNDA:0,(anonymous_2)
FNDA:0,(anonymous_3)
FNDA:0,(anonymous_4)
FNDA:0,(anonymous_5)
FNDA:2,(anonymous_6)
DA:7,3
DA:8,3
DA:9,3
DA:10,3
DA:11,3
DA:13,3
DA:15,3
DA:16,3
DA:17,3
DA:18,3
DA:20,3
DA:21,0
DA:24,3
DA:25,0
DA:28,3
DA:29,0
DA:32,3
DA:33,0
DA:36,3
DA:37,1
DA:40,2
DA:45,2
DA:46,0
DA:49,2
DA:52,2
DA:53,2
DA:55,2
DA:57,2
DA:58,2
DA:60,2
DA:66,2
DA:69,2
DA:70,0
DA:73,0
DA:74,0
DA:76,0
DA:80,0
DA:83,0
DA:88,0
DA:92,2
DA:94,0
DA:95,0
DA:97,2
DA:100,2
DA:105,2
DA:106,0
DA:107,0
DA:108,0
DA:109,0
DA:113,2
DA:115,0
DA:116,0
DA:120,3
DA:121,0
DA:122,0
DA:123,0
DA:125,0
DA:130,0
DA:131,0
DA:134,0
DA:139,0
DA:141,0
DA:142,0
DA:146,3
DA:147,0
DA:148,0
DA:149,0
DA:151,0
DA:157,0
DA:158,0
DA:161,0
DA:162,0
DA:163,0
DA:165,0
DA:170,0
DA:171,0
DA:172,0
DA:173,0
DA:176,0
DA:178,0
DA:179,0
DA:183,3
DA:184,0
DA:185,0
DA:186,0
DA:188,0
DA:194,0
DA:195,0
DA:198,0
DA:201,0
DA:202,0
DA:204,0
DA:209,0
DA:210,0
DA:212,0
DA:214,0
DA:216,0
DA:218,0
DA:222,3
DA:223,0
DA:224,0
DA:226,0
DA:227,0
DA:230,0
DA:231,0
DA:234,0
DA:239,0
DA:240,0
DA:243,0
DA:244,0
DA:247,0
DA:252,0
DA:254,0
DA:255,0
DA:259,3
DA:260,2
DA:261,2
DA:263,2
DA:264,0
DA:267,2
DA:272,2
DA:273,1
DA:276,1
DA:277,1
DA:279,1
DA:280,1
DA:283,0
DA:287,0
DA:292,0
DA:293,0
LF:130
LH:47
BRDA:18,0,0,3
BRDA:18,0,1,3
BRDA:18,1,0,3
BRDA:18,1,1,3
BRDA:20,2,0,0
BRDA:20,2,1,3
BRDA:20,3,0,3
BRDA:20,3,1,3
BRDA:20,3,2,3
BRDA:24,4,0,0
BRDA:24,4,1,3
BRDA:24,5,0,3
BRDA:24,5,1,3
BRDA:28,6,0,0
BRDA:28,6,1,3
BRDA:32,7,0,0
BRDA:32,7,1,3
BRDA:36,8,0,1
BRDA:36,8,1,2
BRDA:45,9,0,0
BRDA:45,9,1,2
BRDA:69,10,0,0
BRDA:69,10,1,2
BRDA:74,11,0,0
BRDA:74,11,1,0
BRDA:74,12,0,0
BRDA:74,12,1,0
BRDA:101,13,0,2
BRDA:101,13,1,0
BRDA:105,14,0,0
BRDA:105,14,1,2
BRDA:106,15,0,0
BRDA:106,15,1,0
BRDA:106,16,0,0
BRDA:106,16,1,0
BRDA:123,17,0,0
BRDA:123,17,1,0
BRDA:130,18,0,0
BRDA:130,18,1,0
BRDA:149,19,0,0
BRDA:149,19,1,0
BRDA:157,20,0,0
BRDA:157,20,1,0
BRDA:157,21,0,0
BRDA:157,21,1,0
BRDA:170,22,0,0
BRDA:170,22,1,0
BRDA:171,23,0,0
BRDA:171,23,1,0
BRDA:171,24,0,0
BRDA:171,24,1,0
BRDA:186,25,0,0
BRDA:186,25,1,0
BRDA:194,26,0,0
BRDA:194,26,1,0
BRDA:209,27,0,0
BRDA:209,27,1,0
BRDA:209,28,0,0
BRDA:209,28,1,0
BRDA:226,29,0,0
BRDA:226,29,1,0
BRDA:226,30,0,0
BRDA:226,30,1,0
BRDA:230,31,0,0
BRDA:230,31,1,0
BRDA:239,32,0,0
BRDA:239,32,1,0
BRDA:263,33,0,0
BRDA:263,33,1,2
BRDA:263,34,0,2
BRDA:263,34,1,2
BRDA:272,35,0,1
BRDA:272,35,1,1
BRDA:279,36,0,1
BRDA:279,36,1,0
BRDA:284,37,0,0
BRDA:284,37,1,0
BRF:77
BRH:25
end_of_record
TN:
SF:backend\controllers\casesController.js
FN:10,(anonymous_0)
FN:64,(anonymous_1)
FN:96,(anonymous_2)
FN:131,(anonymous_3)
FN:137,(anonymous_4)
FN:140,(anonymous_5)
FN:171,(anonymous_6)
FN:184,(anonymous_7)
FN:198,(anonymous_8)
FN:231,(anonymous_9)
FNF:10
FNH:1
FNDA:0,(anonymous_0)
FNDA:0,(anonymous_1)
FNDA:0,(anonymous_2)
FNDA:0,(anonymous_3)
FNDA:0,(anonymous_4)
FNDA:0,(anonymous_5)
FNDA:3,(anonymous_6)
FNDA:0,(anonymous_7)
FNDA:0,(anonymous_8)
FNDA:0,(anonymous_9)
DA:7,2
DA:8,2
DA:10,2
DA:11,0
DA:13,0
DA:14,0
DA:16,0
DA:17,0
DA:20,0
DA:22,0
DA:24,0
DA:29,0
DA:31,0
DA:32,0
DA:34,0
DA:35,0
DA:41,0
DA:44,0
DA:45,0
DA:52,0
DA:54,0
DA:56,0
DA:57,0
DA:58,0
DA:60,0
DA:64,2
DA:65,0
DA:66,0
DA:89,0
DA:91,0
DA:92,0
DA:96,2
DA:97,0
DA:98,0
DA:100,0
DA:105,0
DA:106,0
DA:109,0
DA:121,0
DA:126,0
DA:127,0
DA:131,2
DA:132,0
DA:133,0
DA:134,0
DA:136,0
DA:137,0
DA:138,0
DA:140,0
DA:142,0
DA:164,0
DA:166,0
DA:167,0
DA:171,2
DA:172,3
DA:173,3
DA:174,1
DA:176,2
DA:177,2
DA:179,0
DA:180,0
DA:184,2
DA:185,0
DA:186,0
DA:187,0
DA:188,0
DA:190,0
DA:191,0
DA:193,0
DA:194,0
DA:198,2
DA:199,0
DA:200,0
DA:202,0
DA:211,0
DA:213,0
DA:214,0
DA:216,0
DA:225,0
DA:226,0
DA:231,2
DA:232,0
DA:233,0
DA:253,0
DA:255,0
DA:256,0
LF:86
LH:15
BRDA:16,0,0,0
BRDA:16,0,1,0
BRDA:16,1,0,0
BRDA:16,1,1,0
BRDA:16,1,2,0
BRDA:16,1,3,0
BRDA:16,1,4,0
BRDA:16,1,5,0
BRDA:34,2,0,0
BRDA:34,2,1,0
BRDA:34,3,0,0
BRDA:34,3,1,0
BRDA:38,4,0,0
BRDA:38,4,1,0
BRDA:38,5,0,0
BRDA:38,5,1,0
BRDA:38,6,0,0
BRDA:38,6,1,0
BRDA:39,7,0,0
BRDA:39,7,1,0
BRDA:39,8,0,0
BRDA:39,8,1,0
BRDA:39,9,0,0
BRDA:39,9,1,0
BRDA:44,10,0,0
BRDA:44,10,1,0
BRDA:47,11,0,0
BRDA:47,11,1,0
BRDA:105,12,0,0
BRDA:105,12,1,0
BRDA:133,13,0,0
BRDA:133,13,1,0
BRDA:134,14,0,0
BRDA:134,14,1,0
BRDA:176,15,0,2
BRDA:176,15,1,0
BRDA:186,16,0,0
BRDA:186,16,1,0
BRDA:190,17,0,0
BRDA:190,17,1,0
BRDA:211,18,0,0
BRDA:211,18,1,0
BRDA:214,19,0,0
BRDA:214,19,1,0
BRF:44
BRH:1
end_of_record
TN:
SF:backend\controllers\inventoryController.js
FN:9,(anonymous_0)
FN:57,(anonymous_1)
FN:143,(anonymous_2)
FN:163,(anonymous_3)
FN:164,(anonymous_4)
FNF:5
FNH:1
FNDA:0,(anonymous_0)
FNDA:3,(anonymous_1)
FNDA:0,(anonymous_2)
FNDA:0,(anonymous_3)
FNDA:0,(anonymous_4)
DA:7,2
DA:9,2
DA:10,0
DA:11,0
DA:12,0
DA:13,0
DA:15,0
DA:42,0
DA:43,0
DA:52,0
DA:53,0
DA:57,2
DA:58,3
DA:60,3
DA:61,3
DA:63,3
DA:66,3
DA:71,3
DA:72,0
DA:75,3
DA:76,2
DA:81,1
DA:89,1
DA:90,0
DA:93,1
DA:94,0
DA:97,1
DA:100,1
DA:106,1
DA:112,1
DA:119,1
DA:124,1
DA:126,1
DA:132,2
DA:133,2
DA:134,2
DA:136,0
DA:137,0
DA:139,3
DA:143,2
DA:144,0
DA:145,0
DA:146,0
DA:148,0
DA:157,0
DA:158,0
DA:159,0
DA:160,0
DA:163,0
DA:164,0
DA:166,0
DA:172,0
DA:174,0
DA:180,0
DA:181,0
DA:183,0
DA:185,0
DA:186,0
DA:187,0
DA:189,0
LF:60
LH:26
BRDA:11,0,0,0
BRDA:11,0,1,0
BRDA:12,1,0,0
BRDA:12,1,1,0
BRDA:71,2,0,0
BRDA:71,2,1,3
BRDA:75,3,0,2
BRDA:75,3,1,1
BRDA:89,4,0,0
BRDA:89,4,1,1
BRDA:93,5,0,0
BRDA:93,5,1,1
BRDA:133,6,0,2
BRDA:133,6,1,0
BRDA:157,7,0,0
BRDA:157,7,1,0
BRDA:177,8,0,0
BRDA:177,8,1,0
BRF:18
BRH:6
end_of_record
